2023-02-13 07:46:49.513273 [info]: Starting the Ixia Traffic Engine...
2023-02-13 07:46:49.517338 [info]: [L2Manager] Registered dpdk driver: librte_net_mlx5.so
2023-02-13 07:46:49.517698 [info]: [L2Manager] Registered dpdk driver: librte_net_af_packet.so
2023-02-13 07:46:49.518828 [info]: [L2Manager] Registered dpdk driver: librte_net_af_xdp.so
2023-02-13 07:46:49.519496 [info]: [L2Manager] Registered dpdk driver: librte_net_i40e.so
2023-02-13 07:46:49.520167 [info]: [L2Manager] Registered dpdk driver: librte_net_ice.so
2023-02-13 07:46:49.521195 [info]: [L2Manager] Registered dpdk driver: librte_net_iavf.so
2023-02-13 07:46:49.522056 [info]: [L2Manager] Registered dpdk driver: librte_net_ixgbe.so
2023-02-13 07:46:49.522303 [info]: [L2Manager] Registered dpdk driver: librte_net_e1000.so
2023-02-13 07:46:49.522503 [info]: [L2Manager] Registered dpdk driver: librte_net_igc.so
2023-02-13 07:46:49.522768 [info]: [L2Manager] Registered dpdk driver: librte_net_bnxt.so
2023-02-13 07:46:49.522949 [info]: [L2Manager] Registered dpdk driver: librte_net_vmxnet3.so
2023-02-13 07:46:49.523163 [info]: [L2Manager] Registered dpdk driver: librte_net_virtio.so
2023-02-13 07:46:49.523478 [info]: [L2Manager] Registered dpdk driver: librte_net_netvsc.so
2023-02-13 07:46:49.523760 [info]: [L2Manager] Registered dpdk driver: librte_net_ena.so
2023-02-13 07:46:49.523818 [error]: Invalid core index:4 - Valid range: 0 - 3
2023-02-13 07:46:49.523876 [info]: Initializing L2Manager...
2023-02-13 07:46:49.523922 [info]: [L2Manager] Provisioning 2 worker lcores for 1 network interfaces
2023-02-13 07:46:49.543884 [info]: [L2Manager] Attempting to bypass the Qdisc for af_packet0
2023-02-13 07:46:49.543965 [info]: [L2Manager] Initializing EAL with the following parameters:
2023-02-13 07:46:49.543984 [info]: [L2Manager]  dpdk
2023-02-13 07:46:49.544007 [info]: [L2Manager] --lcores 0@0,1@2,2@3
2023-02-13 07:46:49.544025 [info]: [L2Manager] --file-prefix usstream-da1536a5203df71367a3f775312ba1f7
2023-02-13 07:46:49.544039 [info]: [L2Manager] --no-pci
2023-02-13 07:46:49.544054 [info]: [L2Manager] --no-shconf
2023-02-13 07:46:49.544069 [info]: [L2Manager] --no-telemetry
2023-02-13 07:46:49.544083 [info]: [L2Manager] --iova-mode=va
2023-02-13 07:46:49.544098 [info]: [L2Manager] --no-huge
2023-02-13 07:46:49.544112 [info]: [L2Manager] -m 512
2023-02-13 07:46:49.544125 [info]: [L2Manager] --vdev=net_af_packet0,iface=eth1,blocksz=16384,framesz=16384,framecnt=2048,qpairs=1,qdisc_bypass=1
2023-02-13 07:46:49.763725 [info]: [L2Manager] Port 0: uses driver net_af_packet.
2023-02-13 07:46:49.763798 [info]: [L2Manager] Found 1 ports
2023-02-13 07:46:49.763822 [info]: [L2Manager] L2Manager successfully initialized
2023-02-13 07:46:49.763835 [info]: Ixia port 1 = DPDK port 0 - interface af_packet
2023-02-13 07:46:49.763944 [warning]: [KNI] Will proceed without Kni
2023-02-13 07:46:49.763977 [info]: CoreTxRuntime(lcore: 2 active: 0 should_stop: 0): Creating CoreTxRuntime
2023-02-13 07:46:49.778584 [info]: GenerateDefaultTxLoop: Creating TxLoop of type N8usstream6TxLoopINS_24PacketChannelSpecializedINS_13NoopGeneratorENS_12NoopConsumerEEES4_EE
2023-02-13 07:46:49.778672 [info]: StartLcore(lcore: 2 active: 0 should_stop: 0): Starting the Lcore
2023-02-13 07:46:49.783598 [info]: StartLcore(lcore: 2 active: 1 should_stop: 0): Done trying to start the Lcore.
2023-02-13 07:46:49.783657 [info]: Starting message server...
2023-02-13 07:46:49.784031 [info]: Bound server to endpoint - tcp://*:5555
2023-02-13 07:46:49.784103 [info]: Configured ZMQ worker thread
2023-02-13 07:46:49.784261 [info]: ZMQ worker thread started
