{"level":"info","ctx":"config","version":"0.0.1","revision":"3619","commit":"b6b7ea1b","ts":"2023-02-13T07:44:07.372758299Z","msg":"Build Meta"}
{"level":"info","ctx":"rscmgr","ts":"2023-02-13T07:44:07.377289163Z","msg":"Successfully created session."}
{"level":"info","ctx":"controller","ts":"2023-02-13T07:44:07.377366964Z","msg":"Location info processed successfully !"}
{"level":"info","ctx":"profile","api":"ValidateConfig","choice":"","scope":"validator","nanoseconds":11300,"ts":"2023-02-13T07:44:07.377388165Z"}
{"level":"info","ctx":"controller","ts":"2023-02-13T07:44:07.377390765Z","msg":"Config validated successfully !"}
{"level":"info","ctx":"profile","api":"SetConfig","choice":"","scope":"protocol","nanoseconds":800,"ts":"2023-02-13T07:44:07.377394165Z"}
{"level":"info","ctx":"traffic","ts":"2023-02-13T07:44:07.377546667Z","msg":"SetConfig [Traffic Part] Successful !"}
{"level":"info","ctx":"profile","api":"SetConfig","choice":"","scope":"traffic","nanoseconds":159302,"ts":"2023-02-13T07:44:07.377555967Z"}
{"level":"info","ctx":"controller","ts":"2023-02-13T07:44:07.377558467Z","msg":"Config is set on the ports Successfully !"}
{"level":"info","ctx":"profile","api":"SetConfig","choice":"","scope":"controller","nanoseconds":277904,"ts":"2023-02-13T07:44:07.377560567Z"}
{"level":"info","ctx":"main","config":{"HTTPPort":443,"GRPCPort":40051,"RootDir":"/home/keysight/ixia-c/controller","WebDir":"/home/keysight/ixia-c/controller/web","CertsDir":"/home/keysight/ixia-c/controller/certs","LogDir":"/home/keysight/ixia-c/controller/logs","AppConfigPath":"/home/keysight/ixia-c/controller/config/config.yaml","Debug":true,"Trace":false,"Cleanup":false,"DisableUsageReport":false,"DisableStdOutLogging":false,"UsageReportHost":"https://localhost:5600","MaxLogSizeMB":25,"MaxLogBackups":25,"TEDialTimeoutSeconds":10,"PSDialTimeoutSeconds":10,"PSCallTimeoutSeconds":60,"TerminationTimeoutSeconds":3,"AcceptEULA":true,"LowCpuUtilMode":false,"IxiaCIxHWServer":"localhost:5001"},"ts":"2023-02-13T07:44:07.377622968Z","msg":"Initialized Config"}
{"level":"info","ctx":"license","ts":"2023-02-13T07:44:07.377626968Z","msg":"License check initiated"}
{"level":"debug","ctx":"license","ts":"2023-02-13T07:44:07.377829671Z","msg":"Checking licenses"}
{"level":"error","ctx":"license","ts":"2023-02-13T07:44:07.377863672Z","msg":"No valid licenses found, please contact Keysight Support"}
{"level":"info","ctx":"usagereporter","ts":"2023-02-13T07:44:07.380729912Z","msg":"App Usage reporting routine initiated"}
{"level":"info","ts":"2023-02-13T07:44:07.380789913Z","msg":"stdout logger routine initiated"}
{"level":"info","ctx":"http","addr":":443","ts":"2023-02-13T07:44:07.381656425Z","msg":"HTTPS Server started"}
{"level":"error","ctx":"usagereporter","ts":"2023-02-13T07:44:07.382063531Z","msg":"App usage reporting service is down"}
{"level":"info","ctx":"grpc","addr":"[::]:40051","ts":"2023-02-13T07:44:07.382075731Z","msg":"GRPC Server started"}
{"level":"info","ctx":"service","ts":"2023-02-13T07:44:07.382204033Z","msg":"Waiting for active routines"}
{"level":"debug","ctx":"license","ts":"2023-02-13T07:54:07.387078164Z","msg":"Checking licenses"}
{"level":"debug","ctx":"license","ts":"2023-02-13T08:04:07.395816297Z","msg":"Checking licenses"}
{"level":"debug","ctx":"license","ts":"2023-02-14T05:50:12.901598959Z","msg":"Checking licenses"}
{"level":"debug","ctx":"license","ts":"2023-02-14T06:00:12.909124847Z","msg":"Checking licenses"}
{"level":"debug","ctx":"license","ts":"2023-02-14T06:10:12.914474782Z","msg":"Checking licenses"}
{"level":"debug","ctx":"license","ts":"2023-02-14T06:20:12.91550554Z","msg":"Checking licenses"}
{"level":"debug","ctx":"license","ts":"2023-02-14T06:30:12.921181796Z","msg":"Checking licenses"}
{"level":"debug","ctx":"license","ts":"2023-02-14T06:40:12.922339577Z","msg":"Checking licenses"}
{"level":"debug","ctx":"license","ts":"2023-02-14T06:50:12.941781117Z","msg":"Checking licenses"}
{"level":"debug","ctx":"license","ts":"2023-02-14T07:00:12.945593684Z","msg":"Checking licenses"}
{"level":"debug","ctx":"license","ts":"2023-02-14T07:10:12.950102824Z","msg":"Checking licenses"}
{"level":"debug","ctx":"license","ts":"2023-02-14T07:20:12.953167495Z","msg":"Checking licenses"}
{"level":"debug","ctx":"license","ts":"2023-02-14T07:30:12.957109262Z","msg":"Checking licenses"}
{"level":"debug","ctx":"license","ts":"2023-02-14T07:40:12.95925981Z","msg":"Checking licenses"}
{"level":"debug","ctx":"license","ts":"2023-02-14T07:50:12.961114994Z","msg":"Checking licenses"}
{"level":"debug","ctx":"license","ts":"2023-02-14T08:00:12.961694692Z","msg":"Checking licenses"}
{"level":"debug","ctx":"license","ts":"2023-02-14T08:10:12.962841912Z","msg":"Checking licenses"}
{"level":"debug","ctx":"license","ts":"2023-02-14T08:20:12.963288196Z","msg":"Checking licenses"}
{"level":"debug","ctx":"license","ts":"2023-02-14T08:30:12.964733709Z","msg":"Checking licenses"}
{"level":"debug","ctx":"license","ts":"2023-02-14T08:40:12.973688342Z","msg":"Checking licenses"}
{"level":"debug","ctx":"license","ts":"2023-02-14T08:50:12.977777383Z","msg":"Checking licenses"}
{"level":"debug","ctx":"license","ts":"2023-02-14T09:00:12.986657254Z","msg":"Checking licenses"}
{"level":"debug","ctx":"license","ts":"2023-02-14T09:10:12.993356596Z","msg":"Checking licenses"}
{"level":"debug","ctx":"license","ts":"2023-02-14T09:20:13.001582138Z","msg":"Checking licenses"}
{"level":"debug","ctx":"license","ts":"2023-02-14T09:30:13.007283894Z","msg":"Checking licenses"}
{"level":"debug","ctx":"license","ts":"2023-02-14T09:40:13.014603159Z","msg":"Checking licenses"}
{"level":"debug","ctx":"license","ts":"2023-02-14T09:50:13.017309098Z","msg":"Checking licenses"}
{"level":"debug","ctx":"license","ts":"2023-02-14T10:00:13.023744618Z","msg":"Checking licenses"}
{"level":"debug","ctx":"license","ts":"2023-02-14T10:10:13.029489821Z","msg":"Checking licenses"}
{"level":"debug","ctx":"license","ts":"2023-02-14T10:20:13.033221789Z","msg":"Checking licenses"}
{"level":"debug","ctx":"license","ts":"2023-02-17T06:00:18.327434394Z","msg":"Checking licenses"}
{"level":"debug","ctx":"license","ts":"2023-02-17T06:10:18.33180617Z","msg":"Checking licenses"}
{"level":"debug","ctx":"license","ts":"2023-02-17T06:20:18.336061794Z","msg":"Checking licenses"}
{"level":"debug","ctx":"license","ts":"2023-02-17T06:30:18.337030108Z","msg":"Checking licenses"}
{"level":"debug","ctx":"license","ts":"2023-02-17T06:40:18.337486268Z","msg":"Checking licenses"}
