2023-01-18 05:48:39.975687 [info]: Starting the Ixia Traffic Engine...
2023-01-18 05:48:39.979236 [info]: [L2Manager] Registered dpdk driver: librte_net_mlx5.so
2023-01-18 05:48:39.979617 [info]: [L2Manager] Registered dpdk driver: librte_net_af_packet.so
2023-01-18 05:48:39.980502 [info]: [L2Manager] Registered dpdk driver: librte_net_af_xdp.so
2023-01-18 05:48:39.980899 [info]: [L2Manager] Registered dpdk driver: librte_net_i40e.so
2023-01-18 05:48:39.981467 [info]: [L2Manager] Registered dpdk driver: librte_net_ice.so
2023-01-18 05:48:39.982300 [info]: [L2Manager] Registered dpdk driver: librte_net_iavf.so
2023-01-18 05:48:39.982750 [info]: [L2Manager] Registered dpdk driver: librte_net_ixgbe.so
2023-01-18 05:48:39.983050 [info]: [L2Manager] Registered dpdk driver: librte_net_e1000.so
2023-01-18 05:48:39.983334 [info]: [L2Manager] Registered dpdk driver: librte_net_igc.so
2023-01-18 05:48:39.983710 [info]: [L2Manager] Registered dpdk driver: librte_net_bnxt.so
2023-01-18 05:48:39.983989 [info]: [L2Manager] Registered dpdk driver: librte_net_vmxnet3.so
2023-01-18 05:48:39.984308 [info]: [L2Manager] Registered dpdk driver: librte_net_virtio.so
2023-01-18 05:48:39.984801 [info]: [L2Manager] Registered dpdk driver: librte_net_netvsc.so
2023-01-18 05:48:39.985116 [info]: [L2Manager] Registered dpdk driver: librte_net_ena.so
2023-01-18 05:48:39.985205 [error]: Invalid core index:4 - Valid range: 0 - 3
2023-01-18 05:48:39.985292 [info]: Initializing L2Manager...
2023-01-18 05:48:39.985357 [info]: [L2Manager] Provisioning 2 worker lcores for 1 network interfaces
2023-01-18 05:48:39.998000 [info]: [L2Manager] Attempting to bypass the Qdisc for af_packet0
2023-01-18 05:48:39.998166 [info]: [L2Manager] Initializing EAL with the following parameters:
2023-01-18 05:48:39.998214 [info]: [L2Manager]  dpdk
2023-01-18 05:48:39.998258 [info]: [L2Manager] --lcores 0@0,1@2,2@3
2023-01-18 05:48:39.998290 [info]: [L2Manager] --file-prefix usstream-110750e8b57fb216a4786c5d07bea79d
2023-01-18 05:48:39.998319 [info]: [L2Manager] --no-pci
2023-01-18 05:48:39.998347 [info]: [L2Manager] --no-shconf
2023-01-18 05:48:39.998378 [info]: [L2Manager] --no-telemetry
2023-01-18 05:48:39.998404 [info]: [L2Manager] --iova-mode=va
2023-01-18 05:48:39.998430 [info]: [L2Manager] --no-huge
2023-01-18 05:48:39.998458 [info]: [L2Manager] -m 512
2023-01-18 05:48:39.998486 [info]: [L2Manager] --vdev=net_af_packet0,iface=eth2,blocksz=16384,framesz=16384,framecnt=2048,qpairs=1,qdisc_bypass=1
2023-01-18 05:48:40.497417 [info]: [L2Manager] Port 0: uses driver net_af_packet.
2023-01-18 05:48:40.497517 [info]: [L2Manager] Found 1 ports
2023-01-18 05:48:40.497548 [info]: [L2Manager] L2Manager successfully initialized
2023-01-18 05:48:40.497611 [info]: Ixia port 1 = DPDK port 0 - interface af_packet
2023-01-18 05:48:40.498220 [warning]: [KNI] Will proceed without Kni
2023-01-18 05:48:40.498284 [info]: CoreTxRuntime(lcore: 2 active: 0 should_stop: 0): Creating CoreTxRuntime
2023-01-18 05:48:40.521565 [info]: GenerateDefaultTxLoop: Creating TxLoop of type N8usstream6TxLoopINS_24PacketChannelSpecializedINS_13NoopGeneratorENS_12NoopConsumerEEES4_EE
2023-01-18 05:48:40.521934 [info]: StartLcore(lcore: 2 active: 0 should_stop: 0): Starting the Lcore
2023-01-18 05:48:40.549920 [info]: StartLcore(lcore: 2 active: 1 should_stop: 0): Done trying to start the Lcore.
2023-01-18 05:48:40.550027 [info]: Starting message server...
2023-01-18 05:48:40.551071 [info]: Bound server to endpoint - tcp://*:5555
2023-01-18 05:48:40.551364 [info]: Configured ZMQ worker thread
2023-01-18 05:48:40.552359 [info]: ZMQ worker thread started
