2023-01-18 05:48:39.119109 [info]: Starting the Ixia Traffic Engine...
2023-01-18 05:48:39.122620 [info]: [L2Manager] Registered dpdk driver: librte_net_mlx5.so
2023-01-18 05:48:39.122938 [info]: [L2Manager] Registered dpdk driver: librte_net_af_packet.so
2023-01-18 05:48:39.123749 [info]: [L2Manager] Registered dpdk driver: librte_net_af_xdp.so
2023-01-18 05:48:39.124179 [info]: [L2Manager] Registered dpdk driver: librte_net_i40e.so
2023-01-18 05:48:39.124646 [info]: [L2Manager] Registered dpdk driver: librte_net_ice.so
2023-01-18 05:48:39.125319 [info]: [L2Manager] Registered dpdk driver: librte_net_iavf.so
2023-01-18 05:48:39.125728 [info]: [L2Manager] Registered dpdk driver: librte_net_ixgbe.so
2023-01-18 05:48:39.126343 [info]: [L2Manager] Registered dpdk driver: librte_net_e1000.so
2023-01-18 05:48:39.126611 [info]: [L2Manager] Registered dpdk driver: librte_net_igc.so
2023-01-18 05:48:39.126938 [info]: [L2Manager] Registered dpdk driver: librte_net_bnxt.so
2023-01-18 05:48:39.127241 [info]: [L2Manager] Registered dpdk driver: librte_net_vmxnet3.so
2023-01-18 05:48:39.127551 [info]: [L2Manager] Registered dpdk driver: librte_net_virtio.so
2023-01-18 05:48:39.128007 [info]: [L2Manager] Registered dpdk driver: librte_net_netvsc.so
2023-01-18 05:48:39.128306 [info]: [L2Manager] Registered dpdk driver: librte_net_ena.so
2023-01-18 05:48:39.128382 [error]: Invalid core index:4 - Valid range: 0 - 3
2023-01-18 05:48:39.128466 [info]: Initializing L2Manager...
2023-01-18 05:48:39.128530 [info]: [L2Manager] Provisioning 2 worker lcores for 1 network interfaces
2023-01-18 05:48:39.146055 [info]: [L2Manager] Attempting to bypass the Qdisc for af_packet0
2023-01-18 05:48:39.146222 [info]: [L2Manager] Initializing EAL with the following parameters:
2023-01-18 05:48:39.146268 [info]: [L2Manager]  dpdk
2023-01-18 05:48:39.146310 [info]: [L2Manager] --lcores 0@0,1@2,2@3
2023-01-18 05:48:39.146340 [info]: [L2Manager] --file-prefix usstream-da1536a5203df71367a3f775312ba1f7
2023-01-18 05:48:39.146365 [info]: [L2Manager] --no-pci
2023-01-18 05:48:39.146391 [info]: [L2Manager] --no-shconf
2023-01-18 05:48:39.146424 [info]: [L2Manager] --no-telemetry
2023-01-18 05:48:39.146447 [info]: [L2Manager] --iova-mode=va
2023-01-18 05:48:39.146471 [info]: [L2Manager] --no-huge
2023-01-18 05:48:39.146495 [info]: [L2Manager] -m 512
2023-01-18 05:48:39.146519 [info]: [L2Manager] --vdev=net_af_packet0,iface=eth1,blocksz=16384,framesz=16384,framecnt=2048,qpairs=1,qdisc_bypass=1
2023-01-18 05:48:39.366022 [info]: [L2Manager] Port 0: uses driver net_af_packet.
2023-01-18 05:48:39.366179 [info]: [L2Manager] Found 1 ports
2023-01-18 05:48:39.366223 [info]: [L2Manager] L2Manager successfully initialized
2023-01-18 05:48:39.366245 [info]: Ixia port 1 = DPDK port 0 - interface af_packet
2023-01-18 05:48:39.366635 [warning]: [KNI] Will proceed without Kni
2023-01-18 05:48:39.366724 [info]: CoreTxRuntime(lcore: 2 active: 0 should_stop: 0): Creating CoreTxRuntime
2023-01-18 05:48:39.427907 [info]: GenerateDefaultTxLoop: Creating TxLoop of type N8usstream6TxLoopINS_24PacketChannelSpecializedINS_13NoopGeneratorENS_12NoopConsumerEEES4_EE
2023-01-18 05:48:39.428059 [info]: StartLcore(lcore: 2 active: 0 should_stop: 0): Starting the Lcore
2023-01-18 05:48:39.474298 [info]: StartLcore(lcore: 2 active: 1 should_stop: 0): Done trying to start the Lcore.
2023-01-18 05:48:39.474405 [info]: Starting message server...
2023-01-18 05:48:39.479879 [info]: Bound server to endpoint - tcp://*:5555
2023-01-18 05:48:39.480070 [info]: Configured ZMQ worker thread
2023-01-18 05:48:39.480368 [info]: ZMQ worker thread started
